Puntodeventas.exe: 00003358: 21:08:39 []:>--------------------------------------------------------------<
Puntodeventas.exe: 00003358: 21:08:39 [TUniServerModule]:Server First Init.
Puntodeventas.exe: 00003358: 21:08:39 [TUniServerModule]:Start Path = F:\Proyectos Personales\PuntodeVentas\Debug\Win64\
Puntodeventas.exe: 00003358: 21:08:39 [TUniServerModule]:Starting HTTP Server on Port: 8078...
Puntodeventas.exe: 00003358: 21:08:39 [TUniServerModule]:HTTP Server Started on Port: 8078
Puntodeventas.exe: 00002AAC: 21:55:03 []:>--------------------------------------------------------------<
Puntodeventas.exe: 00002AAC: 21:55:03 [TUniServerModule]:Server First Init.
Puntodeventas.exe: 00002AAC: 21:55:03 [TUniServerModule]:Start Path = F:\Proyectos Personales\PuntodeVentas\Debug\Win64\
Puntodeventas.exe: 00002AAC: 21:55:03 [TUniGUISessionManager]:Cache erase job created, Folder count: [1]
Puntodeventas.exe: 00002AAC: 21:55:03 [TUniServerModule]:Starting HTTP Server on Port: 8078...
Puntodeventas.exe: 00002AAC: 21:55:03 [TUniServerModule]:HTTP Server Started on Port: 8078
Puntodeventas.exe: 00000F58: 22:04:03 [127.0.0.1]:EUniSessionException : Sesión no válida o tiempo de espera agotado. (Session not found: FQRgYHyu1L10AAEB145 ) : Addr: $0000000000A14CAE
Puntodeventas.exe: 00002AAC: 22:08:24 [TUniServerModule]:Shutting Down Server.
Puntodeventas.exe: 00002AAC: 22:08:24 [TUniServerModule]:Stopping HTTP Server.
Puntodeventas.exe: 00002AAC: 22:08:25 [TUniServerModule]:HTTP Server Stopped.
Puntodeventas.exe: 00002AAC: 22:08:25 [TUniGUISessionManager]:Terminating Session manager.
Puntodeventas.exe: 00002AAC: 22:08:25 [TUniGUISessionManager]:Stopping Cache Eraser...
Puntodeventas.exe: 00002AAC: 22:08:25 [TUniGUISessionManager]:Cache Eraser Stopped.
Puntodeventas.exe: 00002AAC: 22:08:25 [TUniGUISessionManager]:Destroying Worker Threads.
Puntodeventas.exe: 00002AAC: 22:08:25 [TUniGUISessionManager]:Session manager terminated.
Puntodeventas.exe: 00002AAC: 22:08:26 [TUniServerModule]:Server Shutdown Completed.
Puntodeventas.exe: 00002AAC: 22:08:26 []:<-------------------------------------------------------------->
Puntodeventas.exe: 00002AAC: 22:08:26 [Terminated]:Exit Code: 0
