Puntodeventas.exe: 00003FD0: 21:48:21 []:>--------------------------------------------------------------<
Puntodeventas.exe: 00003FD0: 21:48:21 [TUniServerModule]:Server First Init.
Puntodeventas.exe: 00003FD0: 21:48:21 [TUniServerModule]:Start Path = F:\Proyectos Personales\PuntodeVentas\Debug\Win64\
Puntodeventas.exe: 00003FD0: 21:48:21 [TUniServerModule]:Starting HTTP Server on Port: 8078...
Puntodeventas.exe: 00003FD0: 21:48:21 [TUniServerModule]:HTTP Server Started on Port: 8078
Puntodeventas.exe: 00003A54: 22:05:08 []:>--------------------------------------------------------------<
Puntodeventas.exe: 00003A54: 22:05:08 [TUniServerModule]:Server First Init.
Puntodeventas.exe: 00003A54: 22:05:08 [TUniServerModule]:Start Path = F:\Proyectos Personales\PuntodeVentas\Debug\Win64\
Puntodeventas.exe: 00003A54: 22:05:08 [TUniServerModule]:Starting HTTP Server on Port: 8078...
Puntodeventas.exe: 00003A54: 22:05:08 [TUniServerModule]:HTTP Server Started on Port: 8078
Puntodeventas.exe: 000038C4: 22:05:10 [HandleFileRequest[127.0.0.1]]:File not found: F:\Proyectos Personales\PuntodeVentas\Debug\Win64\.js
Puntodeventas.exe: 00003A54: 22:05:46 [TUniServerModule]:Shutting Down Server.
Puntodeventas.exe: 00003A54: 22:05:46 [TUniServerModule]:Stopping HTTP Server.
Puntodeventas.exe: 00003A54: 22:05:47 [TUniServerModule]:HTTP Server Stopped.
Puntodeventas.exe: 00003A54: 22:05:47 [TUniGUISessionManager]:Terminating Session manager.
Puntodeventas.exe: 00003A54: 22:05:47 [TUniGUISessionManager]:Stopping Cache Eraser...
Puntodeventas.exe: 00003A54: 22:05:47 [TUniGUISessionManager]:Cache Eraser Stopped.
Puntodeventas.exe: 00003A54: 22:05:47 [TUniGUISessionManager]:Destroying Worker Threads.
Puntodeventas.exe: 00003A54: 22:05:47 [TUniGUISessionManager]:Session manager terminated.
Puntodeventas.exe: 00003A54: 22:05:47 [TUniServerModule]:Server Shutdown Completed.
Puntodeventas.exe: 00003A54: 22:05:47 []:<-------------------------------------------------------------->
Puntodeventas.exe: 00003A54: 22:05:47 [Terminated]:Exit Code: 0
Puntodeventas.exe: 000016A4: 22:05:53 []:>--------------------------------------------------------------<
Puntodeventas.exe: 000016A4: 22:05:53 [TUniServerModule]:Server First Init.
Puntodeventas.exe: 000016A4: 22:05:53 [TUniServerModule]:Start Path = F:\Proyectos Personales\PuntodeVentas\Debug\Win64\
Puntodeventas.exe: 000016A4: 22:05:53 [TUniServerModule]:Starting HTTP Server on Port: 8078...
Puntodeventas.exe: 000016A4: 22:05:53 [TUniServerModule]:HTTP Server Started on Port: 8078
Puntodeventas.exe: 00002384: 22:05:55 [HandleFileRequest[127.0.0.1]]:File not found: F:\Proyectos Personales\PuntodeVentas\Debug\Win64\.js
Puntodeventas.exe: 00001374: 22:06:21 []:>--------------------------------------------------------------<
Puntodeventas.exe: 00001374: 22:06:21 [TUniServerModule]:Server First Init.
Puntodeventas.exe: 00001374: 22:06:21 [TUniServerModule]:Start Path = F:\Proyectos Personales\PuntodeVentas\Debug\Win64\
Puntodeventas.exe: 00001374: 22:06:21 [TUniGUISessionManager]:Cache erase job created, Folder count: [1]
Puntodeventas.exe: 00001374: 22:06:21 [TUniServerModule]:Starting HTTP Server on Port: 8078...
Puntodeventas.exe: 00001374: 22:06:21 [TUniServerModule]:HTTP Server Started on Port: 8078
Puntodeventas.exe: 000004A4: 22:06:23 [HandleFileRequest[127.0.0.1]]:File not found: F:\Proyectos Personales\PuntodeVentas\Debug\Win64\.js
Puntodeventas.exe: 00001374: 22:07:44 [TUniServerModule]:Shutting Down Server.
Puntodeventas.exe: 00001374: 22:07:44 [TUniServerModule]:Stopping HTTP Server.
Puntodeventas.exe: 00001374: 22:07:45 [TUniServerModule]:HTTP Server Stopped.
Puntodeventas.exe: 00001374: 22:07:45 [TUniGUISessionManager]:Terminating Session manager.
Puntodeventas.exe: 00001374: 22:07:45 [TUniGUISessionManager]:Stopping Cache Eraser...
Puntodeventas.exe: 00001374: 22:07:45 [TUniGUISessionManager]:Cache Eraser Stopped.
Puntodeventas.exe: 00001374: 22:07:45 [TUniGUISessionManager]:Destroying Worker Threads.
Puntodeventas.exe: 00001374: 22:07:45 [TUniGUISessionManager]:Session manager terminated.
Puntodeventas.exe: 00001374: 22:07:45 [TUniServerModule]:Server Shutdown Completed.
Puntodeventas.exe: 00001374: 22:07:45 []:<-------------------------------------------------------------->
Puntodeventas.exe: 00001374: 22:07:45 [Terminated]:Exit Code: 0
Puntodeventas.exe: 000015C8: 22:07:48 []:>--------------------------------------------------------------<
Puntodeventas.exe: 000015C8: 22:07:48 [TUniServerModule]:Server First Init.
Puntodeventas.exe: 000015C8: 22:07:48 [TUniServerModule]:Start Path = F:\Proyectos Personales\PuntodeVentas\Debug\Win64\
Puntodeventas.exe: 000015C8: 22:07:48 [TUniServerModule]:Debug Mode = ON
Puntodeventas.exe: 000015C8: 22:07:48 [TUniGUISessionManager]:Cache erase job created, Folder count: [1]
Puntodeventas.exe: 000015C8: 22:07:48 [TUniServerModule]:Starting HTTP Server on Port: 8078...
Puntodeventas.exe: 000015C8: 22:07:48 [TUniServerModule]:HTTP Server Started on Port: 8078
Puntodeventas.exe: 000023E8: 22:07:52 [127.0.0.1]:EUniSessionException : Sesión no válida o tiempo de espera agotado. (Session not found: G47gwPRpO910A7ADF8C ) : Addr: $0000000000A14CAE
Puntodeventas.exe: 00001098: 22:07:54 [HandleFileRequest[127.0.0.1]]:File not found: F:\Proyectos Personales\PuntodeVentas\Debug\Win64\.js
Puntodeventas.exe: 0000223C: 22:09:50 []:>--------------------------------------------------------------<
Puntodeventas.exe: 0000223C: 22:09:50 [TUniServerModule]:Server First Init.
Puntodeventas.exe: 0000223C: 22:09:50 [TUniServerModule]:Start Path = F:\Proyectos Personales\PuntodeVentas\Debug\Win64\
Puntodeventas.exe: 0000223C: 22:09:50 [TUniServerModule]:Debug Mode = ON
Puntodeventas.exe: 0000223C: 22:09:50 [TUniGUISessionManager]:Cache erase job created, Folder count: [1]
Puntodeventas.exe: 0000223C: 22:09:50 [TUniServerModule]:Starting HTTP Server on Port: 8078...
Puntodeventas.exe: 0000223C: 22:09:50 [TUniServerModule]:HTTP Server Started on Port: 8078
Puntodeventas.exe: 0000288C: 22:10:02 [HandleFileRequest[127.0.0.1]]:File not found: F:\Proyectos Personales\PuntodeVentas\Debug\Win64\.js
Puntodeventas.exe: 00002214: 22:10:37 []:>--------------------------------------------------------------<
Puntodeventas.exe: 00002214: 22:10:37 [TUniServerModule]:Server First Init.
Puntodeventas.exe: 00002214: 22:10:37 [TUniServerModule]:Start Path = F:\Proyectos Personales\PuntodeVentas\Debug\Win64\
Puntodeventas.exe: 00002214: 22:10:37 [TUniServerModule]:Debug Mode = ON
Puntodeventas.exe: 00002214: 22:10:37 [TUniGUISessionManager]:Cache erase job created, Folder count: [1]
Puntodeventas.exe: 00002214: 22:10:37 [TUniServerModule]:Starting HTTP Server on Port: 8078...
Puntodeventas.exe: 00002214: 22:10:37 [TUniServerModule]:HTTP Server Started on Port: 8078
Puntodeventas.exe: 000016F0: 22:10:41 [127.0.0.1]:EUniSessionException : Sesión no válida o tiempo de espera agotado. (Session not found: ffCIPCCnfv10A7AE012 ) : Addr: $0000000000A148DE
Puntodeventas.exe: 0000130C: 22:11:36 []:>--------------------------------------------------------------<
Puntodeventas.exe: 0000130C: 22:11:36 [TUniServerModule]:Server First Init.
Puntodeventas.exe: 0000130C: 22:11:36 [TUniServerModule]:Start Path = F:\Proyectos Personales\PuntodeVentas\Debug\Win64\
Puntodeventas.exe: 0000130C: 22:11:36 [TUniServerModule]:Debug Mode = ON
Puntodeventas.exe: 0000130C: 22:11:36 [TUniServerModule]:Starting HTTP Server on Port: 8078...
Puntodeventas.exe: 0000130C: 22:11:36 [TUniServerModule]:HTTP Server Started on Port: 8078
Puntodeventas.exe: 00000D14: 22:13:59 []:>--------------------------------------------------------------<
Puntodeventas.exe: 00000D14: 22:13:59 [TUniServerModule]:Server First Init.
Puntodeventas.exe: 00000D14: 22:13:59 [TUniServerModule]:Start Path = F:\Proyectos Personales\PuntodeVentas\Debug\Win64\
Puntodeventas.exe: 00000D14: 22:13:59 [TUniGUISessionManager]:Cache erase job created, Folder count: [1]
Puntodeventas.exe: 00000D14: 22:13:59 [TUniServerModule]:Starting HTTP Server on Port: 8078...
Puntodeventas.exe: 00000D14: 22:13:59 [TUniServerModule]:HTTP Server Started on Port: 8078
Puntodeventas.exe: 00001964: 22:14:02 [HandleFileRequest[127.0.0.1]]:File not found: F:\Proyectos Personales\PuntodeVentas\Debug\Win64\.js
Puntodeventas.exe: 000023E8: 22:14:13 []:>--------------------------------------------------------------<
Puntodeventas.exe: 000023E8: 22:14:13 [TUniServerModule]:Server First Init.
Puntodeventas.exe: 000023E8: 22:14:13 [TUniServerModule]:Start Path = F:\Proyectos Personales\PuntodeVentas\Debug\Win64\
Puntodeventas.exe: 000023E8: 22:14:13 [TUniGUISessionManager]:Cache erase job created, Folder count: [1]
Puntodeventas.exe: 000023E8: 22:14:13 [TUniServerModule]:Starting HTTP Server on Port: 8078...
Puntodeventas.exe: 000023E8: 22:14:13 [TUniServerModule]:HTTP Server Started on Port: 8078
Puntodeventas.exe: 00000CE4: 22:14:15 [HandleFileRequest[127.0.0.1]]:File not found: F:\Proyectos Personales\PuntodeVentas\Debug\Win64\.js
Puntodeventas.exe: 000033D0: 22:14:16 [127.0.0.1]:EUniSessionException : Sesión no válida o tiempo de espera agotado. (Session not found: aslvUNi4sc10A7AE1BF ) : Addr: $0000000000A14CAE
Puntodeventas.exe: 00001110: 22:14:32 []:>--------------------------------------------------------------<
Puntodeventas.exe: 00001110: 22:14:32 [TUniServerModule]:Server First Init.
Puntodeventas.exe: 00001110: 22:14:32 [TUniServerModule]:Start Path = F:\Proyectos Personales\PuntodeVentas\Debug\Win64\
Puntodeventas.exe: 00001110: 22:14:32 [TUniServerModule]:Starting HTTP Server on Port: 8078...
Puntodeventas.exe: 00001110: 22:14:32 [TUniServerModule]:HTTP Server Started on Port: 8078
Puntodeventas.exe: 00002A6C: 22:16:18 []:>--------------------------------------------------------------<
Puntodeventas.exe: 00002A6C: 22:16:18 [TUniServerModule]:Server First Init.
Puntodeventas.exe: 00002A6C: 22:16:18 [TUniServerModule]:Start Path = F:\Proyectos Personales\PuntodeVentas\Debug\Win64\
Puntodeventas.exe: 00002A6C: 22:16:18 [TUniGUISessionManager]:Cache erase job created, Folder count: [1]
Puntodeventas.exe: 00002A6C: 22:16:18 [TUniServerModule]:Starting HTTP Server on Port: 8078...
Puntodeventas.exe: 00002A6C: 22:16:18 [TUniServerModule]:HTTP Server Started on Port: 8078
Puntodeventas.exe: 0000255C: 22:16:21 [HandleFileRequest[127.0.0.1]]:File not found: F:\Proyectos Personales\PuntodeVentas\Debug\Win64\.js
Puntodeventas.exe: 00000ECC: 22:16:40 []:>--------------------------------------------------------------<
Puntodeventas.exe: 00000ECC: 22:16:40 [TUniServerModule]:Server First Init.
Puntodeventas.exe: 00000ECC: 22:16:40 [TUniServerModule]:Start Path = F:\Proyectos Personales\PuntodeVentas\Debug\Win64\
Puntodeventas.exe: 00000ECC: 22:16:41 [TUniServerModule]:Starting HTTP Server on Port: 8078...
Puntodeventas.exe: 00000ECC: 22:16:41 [TUniServerModule]:HTTP Server Started on Port: 8078
Puntodeventas.exe: 00003650: 22:16:45 [127.0.0.1]:EUniSessionException : Sesión no válida o tiempo de espera agotado. (Session not found: QmIGu1EtFA10A7AE1E5 ) : Addr: $0000000000A14CAE
Puntodeventas.exe: 00003748: 22:17:03 []:>--------------------------------------------------------------<
Puntodeventas.exe: 00003748: 22:17:03 [TUniServerModule]:Server First Init.
Puntodeventas.exe: 00003748: 22:17:03 [TUniServerModule]:Start Path = F:\Proyectos Personales\PuntodeVentas\Debug\Win64\
Puntodeventas.exe: 00003748: 22:17:03 [TUniServerModule]:Starting HTTP Server on Port: 8078...
Puntodeventas.exe: 00003748: 22:17:03 [TUniServerModule]:HTTP Server Started on Port: 8078
Puntodeventas.exe: 000024B8: 22:17:16 []:>--------------------------------------------------------------<
Puntodeventas.exe: 000024B8: 22:17:16 [TUniServerModule]:Server First Init.
Puntodeventas.exe: 000024B8: 22:17:16 [TUniServerModule]:Start Path = F:\Proyectos Personales\PuntodeVentas\Debug\Win64\
Puntodeventas.exe: 000024B8: 22:17:16 [TUniGUISessionManager]:Cache erase job created, Folder count: [1]
Puntodeventas.exe: 000024B8: 22:17:16 [TUniServerModule]:Starting HTTP Server on Port: 8078...
Puntodeventas.exe: 000024B8: 22:17:16 [InitWebServer]:EIdCouldNotBindSocket : Could not bind socket. : Addr: $0000000000450132
Puntodeventas.exe: 000024B8: 22:17:22 [TUniServerModule]:Shutting Down Server.
Puntodeventas.exe: 000024B8: 22:17:22 [TUniServerModule]:Stopping HTTP Server.
Puntodeventas.exe: 000024B8: 22:17:23 [TUniServerModule]:HTTP Server Stopped.
Puntodeventas.exe: 000024B8: 22:17:23 [TUniGUISessionManager]:Terminating Session manager.
Puntodeventas.exe: 000024B8: 22:17:23 [TUniGUISessionManager]:Stopping Cache Eraser...
Puntodeventas.exe: 000024B8: 22:17:23 [TUniGUISessionManager]:Cache Eraser Stopped.
Puntodeventas.exe: 000024B8: 22:17:23 [TUniGUISessionManager]:Destroying Worker Threads.
Puntodeventas.exe: 000024B8: 22:17:23 [TUniGUISessionManager]:Session manager terminated.
Puntodeventas.exe: 000024B8: 22:17:23 [TUniServerModule]:Server Shutdown Completed.
Puntodeventas.exe: 000024B8: 22:17:23 []:<-------------------------------------------------------------->
Puntodeventas.exe: 000024B8: 22:17:23 [Terminated]:Exit Code: 0
Puntodeventas.exe: 00003748: 22:17:27 [TUniServerModule]:Shutting Down Server.
Puntodeventas.exe: 00003748: 22:17:27 [TUniServerModule]:Stopping HTTP Server.
Puntodeventas.exe: 00003748: 22:17:28 [TUniServerModule]:HTTP Server Stopped.
Puntodeventas.exe: 00003748: 22:17:28 [TUniGUISessionManager]:Terminating Session manager.
Puntodeventas.exe: 00003748: 22:17:28 [TUniGUISessionManager]:Stopping Cache Eraser...
Puntodeventas.exe: 00003748: 22:17:28 [TUniGUISessionManager]:Cache Eraser Stopped.
Puntodeventas.exe: 00003748: 22:17:28 [TUniGUISessionManager]:Destroying Worker Threads.
Puntodeventas.exe: 00003748: 22:17:28 [TUniGUISessionManager]:Session manager terminated.
Puntodeventas.exe: 00003748: 22:17:28 [TUniServerModule]:Server Shutdown Completed.
Puntodeventas.exe: 00003748: 22:17:28 []:<-------------------------------------------------------------->
Puntodeventas.exe: 00003748: 22:17:28 [Terminated]:Exit Code: 0
Puntodeventas.exe: 00001570: 22:17:29 []:>--------------------------------------------------------------<
Puntodeventas.exe: 00001570: 22:17:29 [TUniServerModule]:Server First Init.
Puntodeventas.exe: 00001570: 22:17:29 [TUniServerModule]:Start Path = F:\Proyectos Personales\PuntodeVentas\Debug\Win64\
Puntodeventas.exe: 00001570: 22:17:29 [TUniGUISessionManager]:Cache erase job created, Folder count: [1]
Puntodeventas.exe: 00001570: 22:17:29 [TUniServerModule]:Starting HTTP Server on Port: 8078...
Puntodeventas.exe: 00001570: 22:17:29 [TUniServerModule]:HTTP Server Started on Port: 8078
Puntodeventas.exe: 000010D4: 22:17:30 [127.0.0.1]:EUniSessionException : Sesión no válida o tiempo de espera agotado. (Session not found: 2sk8aKpvf510A7AE2A2 ) : Addr: $0000000000A14CAE
Puntodeventas.exe: 000010D4: 22:17:31 [127.0.0.1]:EUniSessionException : Sesión no válida o tiempo de espera agotado. (Session not found: F5ATmWN3Es10A7AE294 ) : Addr: $0000000000A14CAE
Puntodeventas.exe: 0000398C: 22:17:43 []:>--------------------------------------------------------------<
Puntodeventas.exe: 0000398C: 22:17:43 [TUniServerModule]:Server First Init.
Puntodeventas.exe: 0000398C: 22:17:43 [TUniServerModule]:Start Path = F:\Proyectos Personales\PuntodeVentas\Debug\Win64\
Puntodeventas.exe: 0000398C: 22:17:43 [TUniGUISessionManager]:Cache erase job created, Folder count: [1]
Puntodeventas.exe: 0000398C: 22:17:43 [TUniServerModule]:Starting HTTP Server on Port: 8078...
Puntodeventas.exe: 0000398C: 22:17:43 [TUniServerModule]:HTTP Server Started on Port: 8078
Puntodeventas.exe: 00000B58: 22:20:13 []:>--------------------------------------------------------------<
Puntodeventas.exe: 00000B58: 22:20:13 [TUniServerModule]:Server First Init.
Puntodeventas.exe: 00000B58: 22:20:13 [TUniServerModule]:Start Path = F:\Proyectos Personales\PuntodeVentas\Debug\Win64\
Puntodeventas.exe: 00000B58: 22:20:13 [TUniGUISessionManager]:Cache erase job created, Folder count: [1]
Puntodeventas.exe: 00000B58: 22:20:13 [TUniServerModule]:Starting HTTP Server on Port: 8078...
Puntodeventas.exe: 00000B58: 22:20:13 [TUniServerModule]:HTTP Server Started on Port: 8078
Puntodeventas.exe: 00002648: 22:20:22 [127.0.0.1]:EUniSessionException : Sesión no válida o tiempo de espera agotado. (Session not found: 25zv6hQZVl10A7AE2C2 ) : Addr: $0000000000A14CAE
Puntodeventas.exe: 00003BF8: 22:20:27 []:>--------------------------------------------------------------<
Puntodeventas.exe: 00003BF8: 22:20:27 [TUniServerModule]:Server First Init.
Puntodeventas.exe: 00003BF8: 22:20:27 [TUniServerModule]:Start Path = F:\Proyectos Personales\PuntodeVentas\Debug\Win64\
Puntodeventas.exe: 00003BF8: 22:20:27 [TUniServerModule]:Starting HTTP Server on Port: 8078...
Puntodeventas.exe: 00003BF8: 22:20:27 [InitWebServer]:EIdCouldNotBindSocket : Could not bind socket. : Addr: $0000000000450132
Puntodeventas.exe: 000012D0: 22:21:29 []:>--------------------------------------------------------------<
Puntodeventas.exe: 000012D0: 22:21:29 [TUniServerModule]:Server First Init.
Puntodeventas.exe: 000012D0: 22:21:29 [TUniServerModule]:Start Path = F:\Proyectos Personales\PuntodeVentas\Debug\Win64\
Puntodeventas.exe: 000012D0: 22:21:29 [TUniServerModule]:Starting HTTP Server on Port: 8078...
Puntodeventas.exe: 000012D0: 22:21:29 [TUniServerModule]:HTTP Server Started on Port: 8078
Puntodeventas.exe: 00003710: 22:26:02 []:>--------------------------------------------------------------<
Puntodeventas.exe: 00003710: 22:26:02 [TUniServerModule]:Server First Init.
Puntodeventas.exe: 00003710: 22:26:02 [TUniServerModule]:Start Path = F:\Proyectos Personales\PuntodeVentas\Debug\Win64\
Puntodeventas.exe: 00003710: 22:26:02 [TUniServerModule]:Starting HTTP Server on Port: 8078...
Puntodeventas.exe: 00003710: 22:26:02 [TUniServerModule]:HTTP Server Started on Port: 8078
Puntodeventas.exe: 00003170: 22:26:04 [HandleFileRequest[127.0.0.1]]:File not found: F:\Proyectos Personales\PuntodeVentas\Debug\Win64\.js
Puntodeventas.exe: 00001598: 22:27:44 []:>--------------------------------------------------------------<
Puntodeventas.exe: 00001598: 22:27:44 [TUniServerModule]:Server First Init.
Puntodeventas.exe: 00001598: 22:27:44 [TUniServerModule]:Start Path = F:\Proyectos Personales\PuntodeVentas\Debug\Win64\
Puntodeventas.exe: 00001598: 22:27:44 [TUniServerModule]:Starting HTTP Server on Port: 8078...
Puntodeventas.exe: 00001598: 22:27:44 [TUniServerModule]:HTTP Server Started on Port: 8078
Puntodeventas.exe: 00003548: 22:27:58 []:>--------------------------------------------------------------<
Puntodeventas.exe: 00003548: 22:27:58 [TUniServerModule]:Server First Init.
Puntodeventas.exe: 00003548: 22:27:58 [TUniServerModule]:Start Path = F:\Proyectos Personales\PuntodeVentas\Debug\Win64\
Puntodeventas.exe: 00003548: 22:27:58 [TUniGUISessionManager]:Cache erase job created, Folder count: [1]
Puntodeventas.exe: 00003548: 22:27:58 [TUniServerModule]:Starting HTTP Server on Port: 8078...
Puntodeventas.exe: 00003548: 22:27:58 [TUniServerModule]:HTTP Server Started on Port: 8078
Puntodeventas.exe: 0000260C: 22:28:03 [127.0.0.1]:EUniSessionException : Sesión no válida o tiempo de espera agotado. (Session not found: cpcrd4lvEw10A7AE579 ) : Addr: $0000000000A14CAE
Puntodeventas.exe: 00002988: 22:35:38 []:>--------------------------------------------------------------<
Puntodeventas.exe: 00002988: 22:35:38 [TUniServerModule]:Server First Init.
Puntodeventas.exe: 00002988: 22:35:38 [TUniServerModule]:Start Path = F:\Proyectos Personales\PuntodeVentas\Debug\Win64\
Puntodeventas.exe: 00002988: 22:35:38 [TUniGUISessionManager]:Cache erase job created, Folder count: [1]
Puntodeventas.exe: 00002988: 22:35:38 [TUniServerModule]:Starting HTTP Server on Port: 8078...
Puntodeventas.exe: 00002988: 22:35:38 [TUniServerModule]:HTTP Server Started on Port: 8078
Puntodeventas.exe: 00002D0C: 22:35:40 [HandleFileRequest[127.0.0.1]]:File not found: F:\Proyectos Personales\PuntodeVentas\Debug\Win64\.js
Puntodeventas.exe: 00000F74: 22:36:03 []:>--------------------------------------------------------------<
Puntodeventas.exe: 00000F74: 22:36:03 [TUniServerModule]:Server First Init.
Puntodeventas.exe: 00000F74: 22:36:03 [TUniServerModule]:Start Path = F:\Proyectos Personales\PuntodeVentas\Debug\Win64\
Puntodeventas.exe: 00000F74: 22:36:03 [TUniServerModule]:Starting HTTP Server on Port: 8078...
Puntodeventas.exe: 00000F74: 22:36:03 [TUniServerModule]:HTTP Server Started on Port: 8078
Puntodeventas.exe: 00002824: 22:36:05 [HandleFileRequest[127.0.0.1]]:File not found: F:\Proyectos Personales\PuntodeVentas\Debug\Win64\.js
Puntodeventas.exe: 00002A04: 22:36:07 [127.0.0.1]:EUniSessionException : Sesión no válida o tiempo de espera agotado. (Session not found: ISyBC8f22r10A7AE58A ) : Addr: $0000000000A14CAE
Puntodeventas.exe: 00003F68: 22:38:35 []:>--------------------------------------------------------------<
Puntodeventas.exe: 00003F68: 22:38:35 [TUniServerModule]:Server First Init.
Puntodeventas.exe: 00003F68: 22:38:35 [TUniServerModule]:Start Path = F:\Proyectos Personales\PuntodeVentas\Debug\Win64\
Puntodeventas.exe: 00003F68: 22:38:35 [TUniServerModule]:Starting HTTP Server on Port: 8078...
Puntodeventas.exe: 00003F68: 22:38:35 [TUniServerModule]:HTTP Server Started on Port: 8078
Puntodeventas.exe: 00002DD4: 22:39:16 []:>--------------------------------------------------------------<
Puntodeventas.exe: 00002DD4: 22:39:16 [TUniServerModule]:Server First Init.
Puntodeventas.exe: 00002DD4: 22:39:16 [TUniServerModule]:Start Path = F:\Proyectos Personales\PuntodeVentas\Debug\Win64\
Puntodeventas.exe: 00002DD4: 22:39:16 [TUniGUISessionManager]:Cache erase job created, Folder count: [1]
Puntodeventas.exe: 00002DD4: 22:39:16 [TUniServerModule]:Starting HTTP Server on Port: 8078...
Puntodeventas.exe: 00002DD4: 22:39:16 [TUniServerModule]:HTTP Server Started on Port: 8078
Puntodeventas.exe: 000011A0: 22:39:25 [127.0.0.1]:EUniSessionException : Sesión no válida o tiempo de espera agotado. (Session not found: NSUgoDO2p210A7AE86B ) : Addr: $0000000000A14CAE
Puntodeventas.exe: 000025D4: 22:41:38 []:>--------------------------------------------------------------<
Puntodeventas.exe: 000025D4: 22:41:38 [TUniServerModule]:Server First Init.
Puntodeventas.exe: 000025D4: 22:41:38 [TUniServerModule]:Start Path = F:\Proyectos Personales\PuntodeVentas\Debug\Win64\
Puntodeventas.exe: 000025D4: 22:41:38 [TUniServerModule]:Starting HTTP Server on Port: 8078...
Puntodeventas.exe: 000025D4: 22:41:38 [TUniServerModule]:HTTP Server Started on Port: 8078
Puntodeventas.exe: 00000D24: 22:42:39 []:>--------------------------------------------------------------<
Puntodeventas.exe: 00000D24: 22:42:39 [TUniServerModule]:Server First Init.
Puntodeventas.exe: 00000D24: 22:42:39 [TUniServerModule]:Start Path = F:\Proyectos Personales\PuntodeVentas\Debug\Win64\
Puntodeventas.exe: 00000D24: 22:42:39 [TUniGUISessionManager]:Cache erase job created, Folder count: [1]
Puntodeventas.exe: 00000D24: 22:42:39 [TUniServerModule]:Starting HTTP Server on Port: 8078...
Puntodeventas.exe: 00000D24: 22:42:39 [TUniServerModule]:HTTP Server Started on Port: 8078
Puntodeventas.exe: 00001D8C: 22:42:50 [127.0.0.1]:EUniSessionException : Sesión no válida o tiempo de espera agotado. (Session not found: TZFErOG1cb10A7AE93F ) : Addr: $0000000000A14CAE
Puntodeventas.exe: 00000D24: 22:43:19 [Exit]:Unexpected attempt to terminate server application with Exit Code: 0
